\BOOKMARK [0][-]{chapter.1}{\376\377\0001\000\040\000N\000a\000m\000e\000s\000p\000a\000c\000e\000\040\000I\000n\000d\000e\000x}{}% 1
\BOOKMARK [1][-]{section.1.1}{\376\377\0001\000.\0001\000\040\000P\000a\000c\000k\000a\000g\000e\000s}{chapter.1}% 2
\BOOKMARK [0][-]{chapter.2}{\376\377\0002\000\040\000C\000l\000a\000s\000s\000\040\000I\000n\000d\000e\000x}{}% 3
\BOOKMARK [1][-]{section.2.1}{\376\377\0002\000.\0001\000\040\000C\000l\000a\000s\000s\000\040\000L\000i\000s\000t}{chapter.2}% 4
\BOOKMARK [0][-]{chapter.3}{\376\377\0003\000\040\000F\000i\000l\000e\000\040\000I\000n\000d\000e\000x}{}% 5
\BOOKMARK [1][-]{section.3.1}{\376\377\0003\000.\0001\000\040\000F\000i\000l\000e\000\040\000L\000i\000s\000t}{chapter.3}% 6
\BOOKMARK [0][-]{chapter.4}{\376\377\0004\000\040\000N\000a\000m\000e\000s\000p\000a\000c\000e\000\040\000D\000o\000c\000u\000m\000e\000n\000t\000a\000t\000i\000o\000n}{}% 7
\BOOKMARK [1][-]{section.4.1}{\376\377\0004\000.\0001\000\040\000A\000V\000A\000V\000L\000i\000b\000\040\000N\000a\000m\000e\000s\000p\000a\000c\000e\000\040\000R\000e\000f\000e\000r\000e\000n\000c\000e}{chapter.4}% 8
\BOOKMARK [2][-]{subsection.4.1.1}{\376\377\0004\000.\0001\000.\0001\000\040\000E\000n\000u\000m\000e\000r\000a\000t\000i\000o\000n\000\040\000T\000y\000p\000e\000\040\000D\000o\000c\000u\000m\000e\000n\000t\000a\000t\000i\000o\000n}{section.4.1}% 9
\BOOKMARK [3][-]{subsubsection.4.1.1.1}{\376\377\0004\000.\0001\000.\0001\000.\0001\000\040\000A\000d\000d\000r\000e\000s\000s\000V\000a\000l\000i\000d\000i\000t\000y\000T\000y\000p\000e}{subsection.4.1.1}% 10
\BOOKMARK [3][-]{subsubsection.4.1.1.2}{\376\377\0004\000.\0001\000.\0001\000.\0002\000\040\000A\000u\000t\000h\000o\000r\000i\000t\000y}{subsection.4.1.1}% 11
\BOOKMARK [3][-]{subsubsection.4.1.1.3}{\376\377\0004\000.\0001\000.\0001\000.\0003\000\040\000G\000e\000n\000d\000e\000r}{subsection.4.1.1}% 12
\BOOKMARK [3][-]{subsubsection.4.1.1.4}{\376\377\0004\000.\0001\000.\0001\000.\0004\000\040\000R\000e\000l\000a\000t\000i\000o\000n\000T\000y\000p\000e}{subsection.4.1.1}% 13
\BOOKMARK [3][-]{subsubsection.4.1.1.5}{\376\377\0004\000.\0001\000.\0001\000.\0005\000\040\000S\000t\000a\000t\000u\000s\000C\000h\000a\000n\000g\000e\000T\000y\000p\000e}{subsection.4.1.1}% 14
\BOOKMARK [3][-]{subsubsection.4.1.1.6}{\376\377\0004\000.\0001\000.\0001\000.\0006\000\040\000S\000t\000a\000t\000u\000s\000T\000y\000p\000e}{subsection.4.1.1}% 15
\BOOKMARK [0][-]{chapter.5}{\376\377\0005\000\040\000C\000l\000a\000s\000s\000\040\000D\000o\000c\000u\000m\000e\000n\000t\000a\000t\000i\000o\000n}{}% 16
\BOOKMARK [1][-]{section.5.1}{\376\377\0005\000.\0001\000\040\000A\000V\000A\000V\000L\000i\000b\000.\000A\000d\000d\000r\000e\000s\000s\000\040\000C\000l\000a\000s\000s\000\040\000R\000e\000f\000e\000r\000e\000n\000c\000e}{chapter.5}% 17
\BOOKMARK [2][-]{subsection.5.1.1}{\376\377\0005\000.\0001\000.\0001\000\040\000D\000e\000t\000a\000i\000l\000e\000d\000\040\000D\000e\000s\000c\000r\000i\000p\000t\000i\000o\000n}{section.5.1}% 18
\BOOKMARK [2][-]{subsection.5.1.2}{\376\377\0005\000.\0001\000.\0002\000\040\000P\000r\000o\000p\000e\000r\000t\000y\000\040\000D\000o\000c\000u\000m\000e\000n\000t\000a\000t\000i\000o\000n}{section.5.1}% 19
\BOOKMARK [3][-]{subsubsection.5.1.2.1}{\376\377\0005\000.\0001\000.\0002\000.\0001\000\040\000A\000d\000d\000r\000e\000s\000s\000I\000d}{subsection.5.1.2}% 20
\BOOKMARK [3][-]{subsubsection.5.1.2.2}{\376\377\0005\000.\0001\000.\0002\000.\0002\000\040\000A\000d\000i\000d}{subsection.5.1.2}% 21
\BOOKMARK [3][-]{subsubsection.5.1.2.3}{\376\377\0005\000.\0001\000.\0002\000.\0003\000\040\000L\000a\000t\000e\000s\000t\000V\000e\000r\000s\000i\000o\000n}{subsection.5.1.2}% 22
\BOOKMARK [3][-]{subsubsection.5.1.2.4}{\376\377\0005\000.\0001\000.\0002\000.\0004\000\040\000V\000a\000l\000i\000d\000V\000e\000r\000s\000i\000o\000n}{subsection.5.1.2}% 23
\BOOKMARK [1][-]{section.5.2}{\376\377\0005\000.\0002\000\040\000A\000V\000A\000V\000L\000i\000b\000.\000A\000d\000d\000r\000e\000s\000s\000V\000a\000l\000i\000d\000i\000t\000y\000\040\000C\000l\000a\000s\000s\000\040\000R\000e\000f\000e\000r\000e\000n\000c\000e}{chapter.5}% 24
\BOOKMARK [2][-]{subsection.5.2.1}{\376\377\0005\000.\0002\000.\0001\000\040\000D\000e\000t\000a\000i\000l\000e\000d\000\040\000D\000e\000s\000c\000r\000i\000p\000t\000i\000o\000n}{section.5.2}% 25
\BOOKMARK [2][-]{subsection.5.2.2}{\376\377\0005\000.\0002\000.\0002\000\040\000P\000r\000o\000p\000e\000r\000t\000y\000\040\000D\000o\000c\000u\000m\000e\000n\000t\000a\000t\000i\000o\000n}{section.5.2}% 26
\BOOKMARK [3][-]{subsubsection.5.2.2.1}{\376\377\0005\000.\0002\000.\0002\000.\0001\000\040\000A\000d\000d\000r\000e\000s\000s}{subsection.5.2.2}% 27
\BOOKMARK [3][-]{subsubsection.5.2.2.2}{\376\377\0005\000.\0002\000.\0002\000.\0002\000\040\000A\000d\000d\000r\000e\000s\000s\000V\000a\000l\000i\000d\000i\000t\000y\000I\000d}{subsection.5.2.2}% 28
\BOOKMARK [3][-]{subsubsection.5.2.2.3}{\376\377\0005\000.\0002\000.\0002\000.\0003\000\040\000A\000d\000d\000r\000e\000s\000s\000V\000a\000l\000i\000d\000i\000t\000y\000T\000y\000p\000e}{subsection.5.2.2}% 29
\BOOKMARK [3][-]{subsubsection.5.2.2.4}{\376\377\0005\000.\0002\000.\0002\000.\0004\000\040\000C\000h\000a\000n\000g\000e\000H\000a\000n\000d\000l\000e}{subsection.5.2.2}% 30
\BOOKMARK [3][-]{subsubsection.5.2.2.5}{\376\377\0005\000.\0002\000.\0002\000.\0005\000\040\000N\000e\000w\000s\000l\000e\000t\000t\000e\000r}{subsection.5.2.2}% 31
\BOOKMARK [3][-]{subsubsection.5.2.2.6}{\376\377\0005\000.\0002\000.\0002\000.\0006\000\040\000O\000f\000f\000i\000c\000i\000a\000l\000P\000o\000s\000t}{subsection.5.2.2}% 32
\BOOKMARK [3][-]{subsubsection.5.2.2.7}{\376\377\0005\000.\0002\000.\0002\000.\0007\000\040\000P\000e\000r\000s\000o\000n}{subsection.5.2.2}% 33
\BOOKMARK [3][-]{subsubsection.5.2.2.8}{\376\377\0005\000.\0002\000.\0002\000.\0008\000\040\000T\000i\000m\000e\000S\000t\000a\000m\000p}{subsection.5.2.2}% 34
\BOOKMARK [3][-]{subsubsection.5.2.2.9}{\376\377\0005\000.\0002\000.\0002\000.\0009\000\040\000V\000a\000l\000i\000d}{subsection.5.2.2}% 35
\BOOKMARK [3][-]{subsubsection.5.2.2.10}{\376\377\0005\000.\0002\000.\0002\000.\0001\0000\000\040\000V\000a\000l\000i\000d\000F\000r\000o\000m}{subsection.5.2.2}% 36
\BOOKMARK [3][-]{subsubsection.5.2.2.11}{\376\377\0005\000.\0002\000.\0002\000.\0001\0001\000\040\000V\000a\000l\000i\000d\000T\000i\000l\000l}{subsection.5.2.2}% 37
\BOOKMARK [3][-]{subsubsection.5.2.2.12}{\376\377\0005\000.\0002\000.\0002\000.\0001\0002\000\040\000V\000i\000s\000i\000b\000l\000e}{subsection.5.2.2}% 38
\BOOKMARK [1][-]{section.5.3}{\376\377\0005\000.\0003\000\040\000A\000V\000A\000V\000L\000i\000b\000.\000A\000d\000d\000r\000e\000s\000s\000V\000e\000r\000s\000i\000o\000n\000\040\000C\000l\000a\000s\000s\000\040\000R\000e\000f\000e\000r\000e\000n\000c\000e}{chapter.5}% 39
\BOOKMARK [2][-]{subsection.5.3.1}{\376\377\0005\000.\0003\000.\0001\000\040\000D\000e\000t\000a\000i\000l\000e\000d\000\040\000D\000e\000s\000c\000r\000i\000p\000t\000i\000o\000n}{section.5.3}% 40
\BOOKMARK [2][-]{subsection.5.3.2}{\376\377\0005\000.\0003\000.\0002\000\040\000P\000r\000o\000p\000e\000r\000t\000y\000\040\000D\000o\000c\000u\000m\000e\000n\000t\000a\000t\000i\000o\000n}{section.5.3}% 41
\BOOKMARK [3][-]{subsubsection.5.3.2.1}{\376\377\0005\000.\0003\000.\0002\000.\0001\000\040\000A\000d\000d\000r\000e\000s\000s}{subsection.5.3.2}% 42
\BOOKMARK [3][-]{subsubsection.5.3.2.2}{\376\377\0005\000.\0003\000.\0002\000.\0002\000\040\000A\000d\000d\000r\000e\000s\000s\000V\000e\000r\000s\000i\000o\000n\000I\000d}{subsection.5.3.2}% 43
\BOOKMARK [3][-]{subsubsection.5.3.2.3}{\376\377\0005\000.\0003\000.\0002\000.\0003\000\040\000C\000h\000a\000n\000g\000e\000H\000a\000n\000d\000l\000e}{subsection.5.3.2}% 44
\BOOKMARK [3][-]{subsubsection.5.3.2.4}{\376\377\0005\000.\0003\000.\0002\000.\0004\000\040\000C\000i\000t\000y}{subsection.5.3.2}% 45
\BOOKMARK [3][-]{subsubsection.5.3.2.5}{\376\377\0005\000.\0003\000.\0002\000.\0005\000\040\000C\000o\000u\000n\000t\000r\000y\000C\000o\000d\000e}{subsection.5.3.2}% 46
\BOOKMARK [3][-]{subsubsection.5.3.2.6}{\376\377\0005\000.\0003\000.\0002\000.\0006\000\040\000F\000a\000x}{subsection.5.3.2}% 47
\BOOKMARK [3][-]{subsubsection.5.3.2.7}{\376\377\0005\000.\0003\000.\0002\000.\0007\000\040\000I\000s\000F\000a\000x\000V\000i\000s\000i\000b\000l\000e}{subsection.5.3.2}% 48
\BOOKMARK [3][-]{subsubsection.5.3.2.8}{\376\377\0005\000.\0003\000.\0002\000.\0008\000\040\000I\000s\000L\000a\000n\000d\000L\000i\000n\000e\000V\000i\000s\000i\000b\000l\000e}{subsection.5.3.2}% 49
\BOOKMARK [3][-]{subsubsection.5.3.2.9}{\376\377\0005\000.\0003\000.\0002\000.\0009\000\040\000L\000a\000n\000d\000L\000i\000n\000e}{subsection.5.3.2}% 50
\BOOKMARK [3][-]{subsubsection.5.3.2.10}{\376\377\0005\000.\0003\000.\0002\000.\0001\0000\000\040\000N\000a\000m\000e}{subsection.5.3.2}% 51
\BOOKMARK [3][-]{subsubsection.5.3.2.11}{\376\377\0005\000.\0003\000.\0002\000.\0001\0001\000\040\000P\000o\000s\000t\000C\000o\000d\000e}{subsection.5.3.2}% 52
\BOOKMARK [3][-]{subsubsection.5.3.2.12}{\376\377\0005\000.\0003\000.\0002\000.\0001\0002\000\040\000S\000t\000r\000e\000e\000t}{subsection.5.3.2}% 53
\BOOKMARK [3][-]{subsubsection.5.3.2.13}{\376\377\0005\000.\0003\000.\0002\000.\0001\0003\000\040\000T\000i\000m\000e\000S\000t\000a\000m\000p}{subsection.5.3.2}% 54
\BOOKMARK [3][-]{subsubsection.5.3.2.14}{\376\377\0005\000.\0003\000.\0002\000.\0001\0004\000\040\000V\000a\000l\000i\000d}{subsection.5.3.2}% 55
\BOOKMARK [1][-]{section.5.4}{\376\377\0005\000.\0004\000\040\000A\000V\000A\000V\000L\000i\000b\000.\000C\000h\000a\000n\000g\000e\000H\000a\000n\000d\000l\000e\000\040\000C\000l\000a\000s\000s\000\040\000R\000e\000f\000e\000r\000e\000n\000c\000e}{chapter.5}% 56
\BOOKMARK [2][-]{subsection.5.4.1}{\376\377\0005\000.\0004\000.\0001\000\040\000D\000e\000t\000a\000i\000l\000e\000d\000\040\000D\000e\000s\000c\000r\000i\000p\000t\000i\000o\000n}{section.5.4}% 57
\BOOKMARK [1][-]{section.5.5}{\376\377\0005\000.\0005\000\040\000A\000V\000A\000V\000L\000i\000b\000.\000I\000m\000a\000g\000e\000\040\000C\000l\000a\000s\000s\000\040\000R\000e\000f\000e\000r\000e\000n\000c\000e}{chapter.5}% 58
\BOOKMARK [2][-]{subsection.5.5.1}{\376\377\0005\000.\0005\000.\0001\000\040\000D\000e\000t\000a\000i\000l\000e\000d\000\040\000D\000e\000s\000c\000r\000i\000p\000t\000i\000o\000n}{section.5.5}% 59
\BOOKMARK [2][-]{subsection.5.5.2}{\376\377\0005\000.\0005\000.\0002\000\040\000P\000r\000o\000p\000e\000r\000t\000y\000\040\000D\000o\000c\000u\000m\000e\000n\000t\000a\000t\000i\000o\000n}{section.5.5}% 60
\BOOKMARK [3][-]{subsubsection.5.5.2.1}{\376\377\0005\000.\0005\000.\0002\000.\0001\000\040\000H\000a\000s\000h}{subsection.5.5.2}% 61
\BOOKMARK [3][-]{subsubsection.5.5.2.2}{\376\377\0005\000.\0005\000.\0002\000.\0002\000\040\000M\000i\000m\000e\000T\000y\000p\000e}{subsection.5.5.2}% 62
\BOOKMARK [3][-]{subsubsection.5.5.2.3}{\376\377\0005\000.\0005\000.\0002\000.\0003\000\040\000P\000e\000r\000s\000o\000n}{subsection.5.5.2}% 63
\BOOKMARK [3][-]{subsubsection.5.5.2.4}{\376\377\0005\000.\0005\000.\0002\000.\0004\000\040\000S\000i\000z\000e}{subsection.5.5.2}% 64
\BOOKMARK [3][-]{subsubsection.5.5.2.5}{\376\377\0005\000.\0005\000.\0002\000.\0005\000\040\000S\000t\000o\000r\000e\000H\000a\000n\000d\000l\000e}{subsection.5.5.2}% 65
\BOOKMARK [3][-]{subsubsection.5.5.2.6}{\376\377\0005\000.\0005\000.\0002\000.\0006\000\040\000T\000a\000k\000e\000n}{subsection.5.5.2}% 66
\BOOKMARK [3][-]{subsubsection.5.5.2.7}{\376\377\0005\000.\0005\000.\0002\000.\0007\000\040\000V\000i\000s\000i\000b\000l\000e}{subsection.5.5.2}% 67
\BOOKMARK [1][-]{section.5.6}{\376\377\0005\000.\0006\000\040\000A\000V\000A\000V\000L\000i\000b\000.\000P\000e\000r\000s\000o\000n\000\040\000C\000l\000a\000s\000s\000\040\000R\000e\000f\000e\000r\000e\000n\000c\000e}{chapter.5}% 68
\BOOKMARK [2][-]{subsection.5.6.1}{\376\377\0005\000.\0006\000.\0001\000\040\000D\000e\000t\000a\000i\000l\000e\000d\000\040\000D\000e\000s\000c\000r\000i\000p\000t\000i\000o\000n}{section.5.6}% 69
\BOOKMARK [2][-]{subsection.5.6.2}{\376\377\0005\000.\0006\000.\0002\000\040\000M\000e\000m\000b\000e\000r\000\040\000F\000u\000n\000c\000t\000i\000o\000n\000\040\000D\000o\000c\000u\000m\000e\000n\000t\000a\000t\000i\000o\000n}{section.5.6}% 70
\BOOKMARK [3][-]{subsubsection.5.6.2.1}{\376\377\0005\000.\0006\000.\0002\000.\0001\000\040\000I\000s\000V\000i\000s\000i\000b\000l\000e\000S\000t\000a\000t\000u\000s\000\050\000\051}{subsection.5.6.2}% 71
\BOOKMARK [3][-]{subsubsection.5.6.2.2}{\376\377\0005\000.\0006\000.\0002\000.\0002\000\040\000S\000t\000a\000t\000u\000s\000D\000a\000t\000e\000\050\000\051}{subsection.5.6.2}% 72
\BOOKMARK [3][-]{subsubsection.5.6.2.3}{\376\377\0005\000.\0006\000.\0002\000.\0003\000\040\000T\000o\000S\000t\000r\000i\000n\000g\000\050\000\051}{subsection.5.6.2}% 73
\BOOKMARK [2][-]{subsection.5.6.3}{\376\377\0005\000.\0006\000.\0003\000\040\000P\000r\000o\000p\000e\000r\000t\000y\000\040\000D\000o\000c\000u\000m\000e\000n\000t\000a\000t\000i\000o\000n}{section.5.6}% 74
\BOOKMARK [3][-]{subsubsection.5.6.3.1}{\376\377\0005\000.\0006\000.\0003\000.\0001\000\040\000A\000c\000c\000e\000s\000s\000T\000o\000k\000e\000n}{subsection.5.6.3}% 75
\BOOKMARK [3][-]{subsubsection.5.6.3.2}{\376\377\0005\000.\0006\000.\0003\000.\0002\000\040\000A\000d\000d\000r\000e\000s\000s\000e\000s}{subsection.5.6.3}% 76
\BOOKMARK [3][-]{subsubsection.5.6.3.3}{\376\377\0005\000.\0006\000.\0003\000.\0003\000\040\000A\000v\000i\000d}{subsection.5.6.3}% 77
\BOOKMARK [3][-]{subsubsection.5.6.3.4}{\376\377\0005\000.\0006\000.\0003\000.\0004\000\040\000D\000i\000s\000p\000l\000a\000y\000A\000d\000d\000r\000e\000s\000s\000e\000s}{subsection.5.6.3}% 78
\BOOKMARK [3][-]{subsubsection.5.6.3.5}{\376\377\0005\000.\0006\000.\0003\000.\0005\000\040\000D\000i\000s\000p\000l\000a\000y\000I\000n\000t\000e\000r\000n\000a\000l}{subsection.5.6.3}% 79
\BOOKMARK [3][-]{subsubsection.5.6.3.6}{\376\377\0005\000.\0006\000.\0003\000.\0006\000\040\000D\000i\000s\000p\000l\000a\000y\000I\000n\000t\000e\000r\000n\000a\000l\000W\000i\000t\000h\000E\000M\000a\000i\000l\000s}{subsection.5.6.3}% 80
\BOOKMARK [3][-]{subsubsection.5.6.3.7}{\376\377\0005\000.\0006\000.\0003\000.\0007\000\040\000D\000i\000s\000p\000l\000a\000y\000N\000a\000m\000e}{subsection.5.6.3}% 81
\BOOKMARK [3][-]{subsubsection.5.6.3.8}{\376\377\0005\000.\0006\000.\0003\000.\0008\000\040\000D\000i\000s\000p\000l\000a\000y\000P\000o\000s\000t\000C\000o\000d\000e\000s}{subsection.5.6.3}% 82
\BOOKMARK [3][-]{subsubsection.5.6.3.9}{\376\377\0005\000.\0006\000.\0003\000.\0009\000\040\000D\000i\000s\000p\000l\000a\000y\000S\000h\000o\000r\000t\000N\000a\000m\000e}{subsection.5.6.3}% 83
\BOOKMARK [3][-]{subsubsection.5.6.3.10}{\376\377\0005\000.\0006\000.\0003\000.\0001\0000\000\040\000E\000m\000p\000l\000o\000y\000e\000r\000s}{subsection.5.6.3}% 84
\BOOKMARK [3][-]{subsubsection.5.6.3.11}{\376\377\0005\000.\0006\000.\0003\000.\0001\0001\000\040\000E\000n\000d\000O\000f\000S\000t\000u\000d\000i\000e\000s}{subsection.5.6.3}% 85
\BOOKMARK [3][-]{subsubsection.5.6.3.12}{\376\377\0005\000.\0006\000.\0003\000.\0001\0002\000\040\000F\000i\000e\000l\000d\000s\000O\000f\000S\000t\000u\000d\000i\000e\000s}{subsection.5.6.3}% 86
\BOOKMARK [3][-]{subsubsection.5.6.3.13}{\376\377\0005\000.\0006\000.\0003\000.\0001\0003\000\040\000I\000m\000a\000g\000e\000s}{subsection.5.6.3}% 87
\BOOKMARK [3][-]{subsubsection.5.6.3.14}{\376\377\0005\000.\0006\000.\0003\000.\0001\0004\000\040\000I\000s\000A\000l\000i\000v\000e}{subsection.5.6.3}% 88
\BOOKMARK [3][-]{subsubsection.5.6.3.15}{\376\377\0005\000.\0006\000.\0003\000.\0001\0005\000\040\000I\000s\000M\000e\000m\000b\000e\000r\000Y\000o\000u\000n\000g\000D\000a\000t\000e\000V\000i\000s\000i\000b\000l\000e}{subsection.5.6.3}% 89
\BOOKMARK [3][-]{subsubsection.5.6.3.16}{\376\377\0005\000.\0006\000.\0003\000.\0001\0006\000\040\000L\000a\000t\000e\000s\000t\000D\000a\000t\000a}{subsection.5.6.3}% 90
\BOOKMARK [3][-]{subsubsection.5.6.3.17}{\376\377\0005\000.\0006\000.\0003\000.\0001\0007\000\040\000M\000e\000m\000b\000e\000r\000Y\000o\000u\000n\000g\000D\000a\000t\000e}{subsection.5.6.3}% 91
\BOOKMARK [3][-]{subsubsection.5.6.3.18}{\376\377\0005\000.\0006\000.\0003\000.\0001\0008\000\040\000P\000e\000r\000s\000o\000n\000D\000a\000t\000a}{subsection.5.6.3}% 92
\BOOKMARK [3][-]{subsubsection.5.6.3.19}{\376\377\0005\000.\0006\000.\0003\000.\0001\0009\000\040\000P\000e\000r\000s\000o\000n\000I\000d}{subsection.5.6.3}% 93
\BOOKMARK [3][-]{subsubsection.5.6.3.20}{\376\377\0005\000.\0006\000.\0003\000.\0002\0000\000\040\000S\000t\000a\000r\000t\000O\000f\000S\000t\000u\000d\000i\000e\000s}{subsection.5.6.3}% 94
\BOOKMARK [3][-]{subsubsection.5.6.3.21}{\376\377\0005\000.\0006\000.\0003\000.\0002\0001\000\040\000S\000t\000a\000t\000u\000s}{subsection.5.6.3}% 95
\BOOKMARK [3][-]{subsubsection.5.6.3.22}{\376\377\0005\000.\0006\000.\0003\000.\0002\0002\000\040\000V\000a\000l\000i\000d\000D\000a\000t\000a}{subsection.5.6.3}% 96
\BOOKMARK [3][-]{subsubsection.5.6.3.23}{\376\377\0005\000.\0006\000.\0003\000.\0002\0003\000\040\000V\000i\000s\000i\000b\000l\000e\000E\000m\000p\000l\000o\000y\000e\000r\000s}{subsection.5.6.3}% 97
\BOOKMARK [1][-]{section.5.7}{\376\377\0005\000.\0007\000\040\000A\000V\000A\000V\000L\000i\000b\000.\000P\000e\000r\000s\000o\000n\000D\000a\000t\000a\000\040\000C\000l\000a\000s\000s\000\040\000R\000e\000f\000e\000r\000e\000n\000c\000e}{chapter.5}% 98
\BOOKMARK [2][-]{subsection.5.7.1}{\376\377\0005\000.\0007\000.\0001\000\040\000D\000e\000t\000a\000i\000l\000e\000d\000\040\000D\000e\000s\000c\000r\000i\000p\000t\000i\000o\000n}{section.5.7}% 99
\BOOKMARK [2][-]{subsection.5.7.2}{\376\377\0005\000.\0007\000.\0002\000\040\000P\000r\000o\000p\000e\000r\000t\000y\000\040\000D\000o\000c\000u\000m\000e\000n\000t\000a\000t\000i\000o\000n}{section.5.7}% 100
\BOOKMARK [3][-]{subsubsection.5.7.2.1}{\376\377\0005\000.\0007\000.\0002\000.\0001\000\040\000A\000d\000d\000i\000t\000i\000o\000n\000a\000l\000N\000a\000m\000e\000s}{subsection.5.7.2}% 101
\BOOKMARK [3][-]{subsubsection.5.7.2.2}{\376\377\0005\000.\0007\000.\0002\000.\0002\000\040\000A\000u\000t\000h\000o\000r\000i\000t\000y}{subsection.5.7.2}% 102
\BOOKMARK [3][-]{subsubsection.5.7.2.3}{\376\377\0005\000.\0007\000.\0002\000.\0003\000\040\000A\000v\000C\000o\000l\000o\000n\000y}{subsection.5.7.2}% 103
\BOOKMARK [3][-]{subsubsection.5.7.2.4}{\376\377\0005\000.\0007\000.\0002\000.\0004\000\040\000B\000i\000r\000t\000h\000d\000a\000y}{subsection.5.7.2}% 104
\BOOKMARK [3][-]{subsubsection.5.7.2.5}{\376\377\0005\000.\0007\000.\0002\000.\0005\000\040\000B\000i\000r\000t\000h\000d\000a\000y\000I\000n\000Y\000e\000a\000r}{subsection.5.7.2}% 105
\BOOKMARK [3][-]{subsubsection.5.7.2.6}{\376\377\0005\000.\0007\000.\0002\000.\0006\000\040\000B\000i\000r\000t\000h\000P\000l\000a\000c\000e}{subsection.5.7.2}% 106
\BOOKMARK [3][-]{subsubsection.5.7.2.7}{\376\377\0005\000.\0007\000.\0002\000.\0007\000\040\000C\000h\000a\000n\000g\000e\000H\000a\000n\000d\000l\000e}{subsection.5.7.2}% 107
\BOOKMARK [3][-]{subsubsection.5.7.2.8}{\376\377\0005\000.\0007\000.\0002\000.\0008\000\040\000D\000a\000t\000e\000O\000f\000D\000e\000a\000t\000h}{subsection.5.7.2}% 108
\BOOKMARK [3][-]{subsubsection.5.7.2.9}{\376\377\0005\000.\0007\000.\0002\000.\0009\000\040\000D\000e\000b\000i\000t\000N\000u\000m\000m\000e\000r}{subsection.5.7.2}% 109
\BOOKMARK [3][-]{subsubsection.5.7.2.10}{\376\377\0005\000.\0007\000.\0002\000.\0001\0000\000\040\000D\000i\000s\000p\000l\000a\000y\000I\000n\000t\000e\000r\000n\000a\000l}{subsection.5.7.2}% 110
\BOOKMARK [3][-]{subsubsection.5.7.2.11}{\376\377\0005\000.\0007\000.\0002\000.\0001\0001\000\040\000D\000i\000s\000p\000l\000a\000y\000I\000n\000t\000e\000r\000n\000a\000l\000W\000i\000t\000h\000E\000M\000a\000i\000l\000s}{subsection.5.7.2}% 111
\BOOKMARK [3][-]{subsubsection.5.7.2.12}{\376\377\0005\000.\0007\000.\0002\000.\0001\0002\000\040\000D\000i\000s\000p\000l\000a\000y\000N\000a\000m\000e}{subsection.5.7.2}% 112
\BOOKMARK [3][-]{subsubsection.5.7.2.13}{\376\377\0005\000.\0007\000.\0002\000.\0001\0003\000\040\000D\000i\000s\000p\000l\000a\000y\000S\000h\000o\000r\000t\000N\000a\000m\000e}{subsection.5.7.2}% 113
\BOOKMARK [3][-]{subsubsection.5.7.2.14}{\376\377\0005\000.\0007\000.\0002\000.\0001\0004\000\040\000E\000M\000a\000i\000l\000O\000f\000f\000i\000c\000i\000a\000l}{subsection.5.7.2}% 114
\BOOKMARK [3][-]{subsubsection.5.7.2.15}{\376\377\0005\000.\0007\000.\0002\000.\0001\0005\000\040\000E\000M\000a\000i\000l\000s}{subsection.5.7.2}% 115
\BOOKMARK [3][-]{subsubsection.5.7.2.16}{\376\377\0005\000.\0007\000.\0002\000.\0001\0006\000\040\000E\000M\000a\000i\000l\000S\000t\000u\000f\000f}{subsection.5.7.2}% 116
\BOOKMARK [3][-]{subsubsection.5.7.2.17}{\376\377\0005\000.\0007\000.\0002\000.\0001\0007\000\040\000G\000e\000n\000d\000e\000r}{subsection.5.7.2}% 117
\BOOKMARK [3][-]{subsubsection.5.7.2.18}{\376\377\0005\000.\0007\000.\0002\000.\0001\0008\000\040\000G\000i\000v\000e\000n\000N\000a\000m\000e}{subsection.5.7.2}% 118
\BOOKMARK [3][-]{subsubsection.5.7.2.19}{\376\377\0005\000.\0007\000.\0002\000.\0001\0009\000\040\000G\000i\000v\000e\000n\000N\000a\000m\000e\000P\000r\000e\000f\000i\000x}{subsection.5.7.2}% 119
\BOOKMARK [3][-]{subsubsection.5.7.2.20}{\376\377\0005\000.\0007\000.\0002\000.\0002\0000\000\040\000I\000s\000A\000v\000C\000o\000l\000o\000n\000y\000V\000i\000s\000i\000b\000l\000e}{subsection.5.7.2}% 120
\BOOKMARK [3][-]{subsubsection.5.7.2.21}{\376\377\0005\000.\0007\000.\0002\000.\0002\0001\000\040\000I\000s\000B\000i\000r\000t\000h\000d\000a\000y\000V\000i\000s\000i\000b\000l\000e}{subsection.5.7.2}% 121
\BOOKMARK [3][-]{subsubsection.5.7.2.22}{\376\377\0005\000.\0007\000.\0002\000.\0002\0002\000\040\000I\000s\000B\000i\000r\000t\000h\000P\000l\000a\000c\000e\000V\000i\000s\000i\000b\000l\000e}{subsection.5.7.2}% 122
\BOOKMARK [3][-]{subsubsection.5.7.2.23}{\376\377\0005\000.\0007\000.\0002\000.\0002\0003\000\040\000I\000s\000E\000M\000a\000i\000l\000O\000f\000f\000i\000c\000i\000a\000l\000V\000i\000s\000i\000b\000l\000e}{subsection.5.7.2}% 123
\BOOKMARK [3][-]{subsubsection.5.7.2.24}{\376\377\0005\000.\0007\000.\0002\000.\0002\0004\000\040\000I\000s\000E\000M\000a\000i\000l\000S\000t\000u\000f\000f\000V\000i\000s\000i\000b\000l\000e}{subsection.5.7.2}% 124
\BOOKMARK [3][-]{subsubsection.5.7.2.25}{\376\377\0005\000.\0007\000.\0002\000.\0002\0005\000\040\000I\000s\000M\000o\000b\000i\000l\000T\000e\000l\000A\000d\000d\0001\000V\000i\000s\000i\000b\000l\000e}{subsection.5.7.2}% 125
\BOOKMARK [3][-]{subsubsection.5.7.2.26}{\376\377\0005\000.\0007\000.\0002\000.\0002\0006\000\040\000I\000s\000M\000o\000b\000i\000l\000T\000e\000l\000A\000d\000d\0002\000V\000i\000s\000i\000b\000l\000e}{subsection.5.7.2}% 126
\BOOKMARK [3][-]{subsubsection.5.7.2.27}{\376\377\0005\000.\0007\000.\0002\000.\0002\0007\000\040\000I\000s\000M\000o\000b\000i\000l\000T\000e\000l\000O\000f\000f\000c\000i\000a\000l\000V\000i\000s\000i\000b\000l\000e}{subsection.5.7.2}% 127
\BOOKMARK [3][-]{subsubsection.5.7.2.28}{\376\377\0005\000.\0007\000.\0002\000.\0002\0008\000\040\000I\000s\000W\000e\000b\000S\000i\000t\000e\000V\000i\000s\000i\000b\000l\000e}{subsection.5.7.2}% 128
\BOOKMARK [3][-]{subsubsection.5.7.2.29}{\376\377\0005\000.\0007\000.\0002\000.\0002\0009\000\040\000M\000a\000i\000d\000e\000n\000N\000a\000m\000e}{subsection.5.7.2}% 129
\BOOKMARK [3][-]{subsubsection.5.7.2.30}{\376\377\0005\000.\0007\000.\0002\000.\0003\0000\000\040\000M\000o\000b\000i\000l\000T\000e\000l\000A\000d\000d\0001}{subsection.5.7.2}% 130
\BOOKMARK [3][-]{subsubsection.5.7.2.31}{\376\377\0005\000.\0007\000.\0002\000.\0003\0001\000\040\000M\000o\000b\000i\000l\000T\000e\000l\000A\000d\000d\0002}{subsection.5.7.2}% 131
\BOOKMARK [3][-]{subsubsection.5.7.2.32}{\376\377\0005\000.\0007\000.\0002\000.\0003\0002\000\040\000M\000o\000b\000i\000l\000T\000e\000l\000O\000f\000f\000i\000c\000i\000a\000l}{subsection.5.7.2}% 132
\BOOKMARK [3][-]{subsubsection.5.7.2.33}{\376\377\0005\000.\0007\000.\0002\000.\0003\0003\000\040\000N\000a\000m\000e}{subsection.5.7.2}% 133
\BOOKMARK [3][-]{subsubsection.5.7.2.34}{\376\377\0005\000.\0007\000.\0002\000.\0003\0004\000\040\000N\000a\000m\000e\000P\000r\000e\000f\000i\000x}{subsection.5.7.2}% 134
\BOOKMARK [3][-]{subsubsection.5.7.2.35}{\376\377\0005\000.\0007\000.\0002\000.\0003\0005\000\040\000N\000a\000m\000e\000S\000u\000f\000f\000i\000x}{subsection.5.7.2}% 135
\BOOKMARK [3][-]{subsubsection.5.7.2.36}{\376\377\0005\000.\0007\000.\0002\000.\0003\0006\000\040\000N\000i\000c\000k\000n\000a\000m\000e}{subsection.5.7.2}% 136
\BOOKMARK [3][-]{subsubsection.5.7.2.37}{\376\377\0005\000.\0007\000.\0002\000.\0003\0007\000\040\000P\000e\000r\000s\000o\000n}{subsection.5.7.2}% 137
\BOOKMARK [3][-]{subsubsection.5.7.2.38}{\376\377\0005\000.\0007\000.\0002\000.\0003\0008\000\040\000P\000r\000e\000f\000i\000x\000T\000i\000t\000l\000e}{subsection.5.7.2}% 138
\BOOKMARK [3][-]{subsubsection.5.7.2.39}{\376\377\0005\000.\0007\000.\0002\000.\0003\0009\000\040\000S\000t\000a\000a\000t\000s\000e\000x\000a\000m\000e\000n\000P\000r\000o\000f\000e\000s\000s\000i\000o\000n}{subsection.5.7.2}% 139
\BOOKMARK [3][-]{subsubsection.5.7.2.40}{\376\377\0005\000.\0007\000.\0002\000.\0004\0000\000\040\000S\000u\000f\000f\000i\000x\000T\000i\000t\000l\000e}{subsection.5.7.2}% 140
\BOOKMARK [3][-]{subsubsection.5.7.2.41}{\376\377\0005\000.\0007\000.\0002\000.\0004\0001\000\040\000T\000i\000m\000e\000S\000t\000a\000m\000p}{subsection.5.7.2}% 141
\BOOKMARK [3][-]{subsubsection.5.7.2.42}{\376\377\0005\000.\0007\000.\0002\000.\0004\0002\000\040\000V\000a\000l\000i\000d}{subsection.5.7.2}% 142
\BOOKMARK [3][-]{subsubsection.5.7.2.43}{\376\377\0005\000.\0007\000.\0002\000.\0004\0003\000\040\000W\000e\000b\000S\000i\000t\000e}{subsection.5.7.2}% 143
\BOOKMARK [1][-]{section.5.8}{\376\377\0005\000.\0008\000\040\000A\000V\000A\000V\000L\000i\000b\000.\000R\000e\000l\000a\000t\000i\000o\000n\000\040\000C\000l\000a\000s\000s\000\040\000R\000e\000f\000e\000r\000e\000n\000c\000e}{chapter.5}% 144
\BOOKMARK [2][-]{subsection.5.8.1}{\376\377\0005\000.\0008\000.\0001\000\040\000D\000e\000t\000a\000i\000l\000e\000d\000\040\000D\000e\000s\000c\000r\000i\000p\000t\000i\000o\000n}{section.5.8}% 145
\BOOKMARK [2][-]{subsection.5.8.2}{\376\377\0005\000.\0008\000.\0002\000\040\000P\000r\000o\000p\000e\000r\000t\000y\000\040\000D\000o\000c\000u\000m\000e\000n\000t\000a\000t\000i\000o\000n}{section.5.8}% 146
\BOOKMARK [3][-]{subsubsection.5.8.2.1}{\376\377\0005\000.\0008\000.\0002\000.\0001\000\040\000C\000h\000a\000n\000g\000e\000H\000a\000n\000d\000l\000e}{subsection.5.8.2}% 147
\BOOKMARK [3][-]{subsubsection.5.8.2.2}{\376\377\0005\000.\0008\000.\0002\000.\0002\000\040\000F\000r\000o\000m}{subsection.5.8.2}% 148
\BOOKMARK [3][-]{subsubsection.5.8.2.3}{\376\377\0005\000.\0008\000.\0002\000.\0003\000\040\000T\000i\000m\000e\000S\000t\000a\000m\000p}{subsection.5.8.2}% 149
\BOOKMARK [3][-]{subsubsection.5.8.2.4}{\376\377\0005\000.\0008\000.\0002\000.\0004\000\040\000T\000o}{subsection.5.8.2}% 150
\BOOKMARK [3][-]{subsubsection.5.8.2.5}{\376\377\0005\000.\0008\000.\0002\000.\0005\000\040\000V\000a\000l\000i\000d\000F\000r\000o\000m}{subsection.5.8.2}% 151
\BOOKMARK [3][-]{subsubsection.5.8.2.6}{\376\377\0005\000.\0008\000.\0002\000.\0006\000\040\000V\000a\000l\000i\000d\000T\000i\000l\000l}{subsection.5.8.2}% 152
\BOOKMARK [1][-]{section.5.9}{\376\377\0005\000.\0009\000\040\000A\000V\000A\000V\000L\000i\000b\000.\000S\000t\000a\000t\000u\000s\000\040\000C\000l\000a\000s\000s\000\040\000R\000e\000f\000e\000r\000e\000n\000c\000e}{chapter.5}% 153
\BOOKMARK [2][-]{subsection.5.9.1}{\376\377\0005\000.\0009\000.\0001\000\040\000D\000e\000t\000a\000i\000l\000e\000d\000\040\000D\000e\000s\000c\000r\000i\000p\000t\000i\000o\000n}{section.5.9}% 154
\BOOKMARK [2][-]{subsection.5.9.2}{\376\377\0005\000.\0009\000.\0002\000\040\000P\000r\000o\000p\000e\000r\000t\000y\000\040\000D\000o\000c\000u\000m\000e\000n\000t\000a\000t\000i\000o\000n}{section.5.9}% 155
\BOOKMARK [3][-]{subsubsection.5.9.2.1}{\376\377\0005\000.\0009\000.\0002\000.\0001\000\040\000C\000h\000a\000n\000g\000e\000H\000a\000n\000d\000l\000e}{subsection.5.9.2}% 156
\BOOKMARK [3][-]{subsubsection.5.9.2.2}{\376\377\0005\000.\0009\000.\0002\000.\0002\000\040\000D\000a\000t\000e}{subsection.5.9.2}% 157
\BOOKMARK [3][-]{subsubsection.5.9.2.3}{\376\377\0005\000.\0009\000.\0002\000.\0003\000\040\000P\000e\000r\000s\000o\000n}{subsection.5.9.2}% 158
\BOOKMARK [3][-]{subsubsection.5.9.2.4}{\376\377\0005\000.\0009\000.\0002\000.\0004\000\040\000S\000t\000a\000t\000u\000s\000C\000h\000a\000n\000g\000e\000T\000y\000p\000e}{subsection.5.9.2}% 159
\BOOKMARK [3][-]{subsubsection.5.9.2.5}{\376\377\0005\000.\0009\000.\0002\000.\0005\000\040\000S\000t\000a\000t\000u\000s\000T\000y\000p\000e}{subsection.5.9.2}% 160
\BOOKMARK [3][-]{subsubsection.5.9.2.6}{\376\377\0005\000.\0009\000.\0002\000.\0006\000\040\000T\000e\000x\000t}{subsection.5.9.2}% 161
\BOOKMARK [3][-]{subsubsection.5.9.2.7}{\376\377\0005\000.\0009\000.\0002\000.\0007\000\040\000T\000i\000m\000e\000S\000t\000a\000m\000p}{subsection.5.9.2}% 162
\BOOKMARK [3][-]{subsubsection.5.9.2.8}{\376\377\0005\000.\0009\000.\0002\000.\0008\000\040\000V\000i\000s\000i\000b\000l\000e}{subsection.5.9.2}% 163
\BOOKMARK [0][-]{chapter.6}{\376\377\0006\000\040\000F\000i\000l\000e\000\040\000D\000o\000c\000u\000m\000e\000n\000t\000a\000t\000i\000o\000n}{}% 164
\BOOKMARK [1][-]{section.6.1}{\376\377\0006\000.\0001\000\040\000F\000:\000/\000d\000e\000v\000/\000s\000v\000n\000/\000i\0002\000c\000m\000/\000p\000r\000j\000/\000A\000V\000/\000A\000V\000A\000V\000/\000a\000v\000a\000v\000/\000A\000V\000A\000V\000L\000i\000b\000/\000A\000d\000d\000r\000e\000s\000s\000.\000c\000s\000\040\000F\000i\000l\000e\000\040\000R\000e\000f\000e\000r\000e\000n\000c\000e}{chapter.6}% 165
\BOOKMARK [1][-]{section.6.2}{\376\377\0006\000.\0002\000\040\000F\000:\000/\000d\000e\000v\000/\000s\000v\000n\000/\000i\0002\000c\000m\000/\000p\000r\000j\000/\000A\000V\000/\000A\000V\000A\000V\000/\000a\000v\000a\000v\000/\000A\000V\000A\000V\000L\000i\000b\000/\000A\000d\000d\000r\000e\000s\000s\000F\000l\000e\000x\000.\000c\000s\000\040\000F\000i\000l\000e\000\040\000R\000e\000f\000e\000r\000e\000n\000c\000e}{chapter.6}% 166
\BOOKMARK [1][-]{section.6.3}{\376\377\0006\000.\0003\000\040\000F\000:\000/\000d\000e\000v\000/\000s\000v\000n\000/\000i\0002\000c\000m\000/\000p\000r\000j\000/\000A\000V\000/\000A\000V\000A\000V\000/\000a\000v\000a\000v\000/\000A\000V\000A\000V\000L\000i\000b\000/\000A\000d\000d\000r\000e\000s\000s\000V\000a\000l\000i\000d\000i\000t\000y\000.\000c\000s\000\040\000F\000i\000l\000e\000\040\000R\000e\000f\000e\000r\000e\000n\000c\000e}{chapter.6}% 167
\BOOKMARK [1][-]{section.6.4}{\376\377\0006\000.\0004\000\040\000F\000:\000/\000d\000e\000v\000/\000s\000v\000n\000/\000i\0002\000c\000m\000/\000p\000r\000j\000/\000A\000V\000/\000A\000V\000A\000V\000/\000a\000v\000a\000v\000/\000A\000V\000A\000V\000L\000i\000b\000/\000A\000d\000d\000r\000e\000s\000s\000V\000a\000l\000i\000d\000i\000t\000y\000T\000y\000p\000e\000.\000c\000s\000\040\000F\000i\000l\000e\000\040\000R\000e\000f\000e\000r\000e\000n\000c\000e}{chapter.6}% 168
\BOOKMARK [1][-]{section.6.5}{\376\377\0006\000.\0005\000\040\000F\000:\000/\000d\000e\000v\000/\000s\000v\000n\000/\000i\0002\000c\000m\000/\000p\000r\000j\000/\000A\000V\000/\000A\000V\000A\000V\000/\000a\000v\000a\000v\000/\000A\000V\000A\000V\000L\000i\000b\000/\000A\000d\000d\000r\000e\000s\000s\000V\000e\000r\000s\000i\000o\000n\000.\000c\000s\000\040\000F\000i\000l\000e\000\040\000R\000e\000f\000e\000r\000e\000n\000c\000e}{chapter.6}% 169
\BOOKMARK [1][-]{section.6.6}{\376\377\0006\000.\0006\000\040\000F\000:\000/\000d\000e\000v\000/\000s\000v\000n\000/\000i\0002\000c\000m\000/\000p\000r\000j\000/\000A\000V\000/\000A\000V\000A\000V\000/\000a\000v\000a\000v\000/\000A\000V\000A\000V\000L\000i\000b\000/\000A\000u\000t\000h\000o\000r\000i\000t\000y\000.\000c\000s\000\040\000F\000i\000l\000e\000\040\000R\000e\000f\000e\000r\000e\000n\000c\000e}{chapter.6}% 170
\BOOKMARK [1][-]{section.6.7}{\376\377\0006\000.\0007\000\040\000F\000:\000/\000d\000e\000v\000/\000s\000v\000n\000/\000i\0002\000c\000m\000/\000p\000r\000j\000/\000A\000V\000/\000A\000V\000A\000V\000/\000a\000v\000a\000v\000/\000A\000V\000A\000V\000L\000i\000b\000/\000C\000h\000a\000n\000g\000e\000H\000a\000n\000d\000l\000e\000.\000c\000s\000\040\000F\000i\000l\000e\000\040\000R\000e\000f\000e\000r\000e\000n\000c\000e}{chapter.6}% 171
\BOOKMARK [1][-]{section.6.8}{\376\377\0006\000.\0008\000\040\000F\000:\000/\000d\000e\000v\000/\000s\000v\000n\000/\000i\0002\000c\000m\000/\000p\000r\000j\000/\000A\000V\000/\000A\000V\000A\000V\000/\000a\000v\000a\000v\000/\000A\000V\000A\000V\000L\000i\000b\000/\000E\000x\000t\000e\000n\000s\000i\000o\000n\000s\000.\000c\000s\000\040\000F\000i\000l\000e\000\040\000R\000e\000f\000e\000r\000e\000n\000c\000e}{chapter.6}% 172
\BOOKMARK [1][-]{section.6.9}{\376\377\0006\000.\0009\000\040\000F\000:\000/\000d\000e\000v\000/\000s\000v\000n\000/\000i\0002\000c\000m\000/\000p\000r\000j\000/\000A\000V\000/\000A\000V\000A\000V\000/\000a\000v\000a\000v\000/\000A\000V\000A\000V\000L\000i\000b\000/\000G\000e\000n\000d\000e\000r\000.\000c\000s\000\040\000F\000i\000l\000e\000\040\000R\000e\000f\000e\000r\000e\000n\000c\000e}{chapter.6}% 173
\BOOKMARK [1][-]{section.6.10}{\376\377\0006\000.\0001\0000\000\040\000F\000:\000/\000d\000e\000v\000/\000s\000v\000n\000/\000i\0002\000c\000m\000/\000p\000r\000j\000/\000A\000V\000/\000A\000V\000A\000V\000/\000a\000v\000a\000v\000/\000A\000V\000A\000V\000L\000i\000b\000/\000I\000m\000a\000g\000e\000.\000c\000s\000\040\000F\000i\000l\000e\000\040\000R\000e\000f\000e\000r\000e\000n\000c\000e}{chapter.6}% 174
\BOOKMARK [1][-]{section.6.11}{\376\377\0006\000.\0001\0001\000\040\000F\000:\000/\000d\000e\000v\000/\000s\000v\000n\000/\000i\0002\000c\000m\000/\000p\000r\000j\000/\000A\000V\000/\000A\000V\000A\000V\000/\000a\000v\000a\000v\000/\000A\000V\000A\000V\000L\000i\000b\000/\000o\000b\000j\000/\000D\000e\000b\000u\000g\000/\000n\000e\000t\0005\000.\0000\000/\000.\000N\000E\000T\000C\000o\000r\000e\000A\000p\000p\000,\000V\000e\000r\000s\000i\000o\000n\000=\000v\0005\000.\0000\000.\000A\000s\000s\000e\000m\000b\000l\000y\000A\000t\000t\000r\000i\000b\000u\000t\000e\000s\000.\000c\000s\000\040\000F\000i\000l\000e\000\040\000R\000e\000f\000e\000r\000e\000n\000c\000e}{chapter.6}% 175
\BOOKMARK [1][-]{section.6.12}{\376\377\0006\000.\0001\0002\000\040\000F\000:\000/\000d\000e\000v\000/\000s\000v\000n\000/\000i\0002\000c\000m\000/\000p\000r\000j\000/\000A\000V\000/\000A\000V\000A\000V\000/\000a\000v\000a\000v\000/\000A\000V\000A\000V\000L\000i\000b\000/\000o\000b\000j\000/\000D\000e\000b\000u\000g\000/\000n\000e\000t\0005\000.\0000\000/\000A\000V\000A\000V\000L\000i\000b\000.\000A\000s\000s\000e\000m\000b\000l\000y\000I\000n\000f\000o\000.\000c\000s\000\040\000F\000i\000l\000e\000\040\000R\000e\000f\000e\000r\000e\000n\000c\000e}{chapter.6}% 176
\BOOKMARK [1][-]{section.6.13}{\376\377\0006\000.\0001\0003\000\040\000F\000:\000/\000d\000e\000v\000/\000s\000v\000n\000/\000i\0002\000c\000m\000/\000p\000r\000j\000/\000A\000V\000/\000A\000V\000A\000V\000/\000a\000v\000a\000v\000/\000A\000V\000A\000V\000L\000i\000b\000/\000P\000e\000r\000s\000o\000n\000.\000c\000s\000\040\000F\000i\000l\000e\000\040\000R\000e\000f\000e\000r\000e\000n\000c\000e}{chapter.6}% 177
\BOOKMARK [1][-]{section.6.14}{\376\377\0006\000.\0001\0004\000\040\000F\000:\000/\000d\000e\000v\000/\000s\000v\000n\000/\000i\0002\000c\000m\000/\000p\000r\000j\000/\000A\000V\000/\000A\000V\000A\000V\000/\000a\000v\000a\000v\000/\000A\000V\000A\000V\000L\000i\000b\000/\000P\000e\000r\000s\000o\000n\000D\000a\000t\000a\000.\000c\000s\000\040\000F\000i\000l\000e\000\040\000R\000e\000f\000e\000r\000e\000n\000c\000e}{chapter.6}% 178
\BOOKMARK [1][-]{section.6.15}{\376\377\0006\000.\0001\0005\000\040\000F\000:\000/\000d\000e\000v\000/\000s\000v\000n\000/\000i\0002\000c\000m\000/\000p\000r\000j\000/\000A\000V\000/\000A\000V\000A\000V\000/\000a\000v\000a\000v\000/\000A\000V\000A\000V\000L\000i\000b\000/\000P\000e\000r\000s\000o\000n\000D\000a\000t\000a\000F\000l\000e\000x\000.\000c\000s\000\040\000F\000i\000l\000e\000\040\000R\000e\000f\000e\000r\000e\000n\000c\000e}{chapter.6}% 179
\BOOKMARK [1][-]{section.6.16}{\376\377\0006\000.\0001\0006\000\040\000F\000:\000/\000d\000e\000v\000/\000s\000v\000n\000/\000i\0002\000c\000m\000/\000p\000r\000j\000/\000A\000V\000/\000A\000V\000A\000V\000/\000a\000v\000a\000v\000/\000A\000V\000A\000V\000L\000i\000b\000/\000P\000e\000r\000s\000o\000n\000F\000l\000e\000x\000.\000c\000s\000\040\000F\000i\000l\000e\000\040\000R\000e\000f\000e\000r\000e\000n\000c\000e}{chapter.6}% 180
\BOOKMARK [1][-]{section.6.17}{\376\377\0006\000.\0001\0007\000\040\000F\000:\000/\000d\000e\000v\000/\000s\000v\000n\000/\000i\0002\000c\000m\000/\000p\000r\000j\000/\000A\000V\000/\000A\000V\000A\000V\000/\000a\000v\000a\000v\000/\000A\000V\000A\000V\000L\000i\000b\000/\000R\000e\000l\000a\000t\000i\000o\000n\000.\000c\000s\000\040\000F\000i\000l\000e\000\040\000R\000e\000f\000e\000r\000e\000n\000c\000e}{chapter.6}% 181
\BOOKMARK [1][-]{section.6.18}{\376\377\0006\000.\0001\0008\000\040\000F\000:\000/\000d\000e\000v\000/\000s\000v\000n\000/\000i\0002\000c\000m\000/\000p\000r\000j\000/\000A\000V\000/\000A\000V\000A\000V\000/\000a\000v\000a\000v\000/\000A\000V\000A\000V\000L\000i\000b\000/\000R\000e\000l\000a\000t\000i\000o\000n\000T\000y\000p\000e\000.\000c\000s\000\040\000F\000i\000l\000e\000\040\000R\000e\000f\000e\000r\000e\000n\000c\000e}{chapter.6}% 182
\BOOKMARK [1][-]{section.6.19}{\376\377\0006\000.\0001\0009\000\040\000F\000:\000/\000d\000e\000v\000/\000s\000v\000n\000/\000i\0002\000c\000m\000/\000p\000r\000j\000/\000A\000V\000/\000A\000V\000A\000V\000/\000a\000v\000a\000v\000/\000A\000V\000A\000V\000L\000i\000b\000/\000S\000t\000a\000t\000u\000s\000.\000c\000s\000\040\000F\000i\000l\000e\000\040\000R\000e\000f\000e\000r\000e\000n\000c\000e}{chapter.6}% 183
\BOOKMARK [1][-]{section.6.20}{\376\377\0006\000.\0002\0000\000\040\000F\000:\000/\000d\000e\000v\000/\000s\000v\000n\000/\000i\0002\000c\000m\000/\000p\000r\000j\000/\000A\000V\000/\000A\000V\000A\000V\000/\000a\000v\000a\000v\000/\000A\000V\000A\000V\000L\000i\000b\000/\000S\000t\000a\000t\000u\000s\000C\000h\000a\000n\000g\000e\000T\000y\000p\000e\000.\000c\000s\000\040\000F\000i\000l\000e\000\040\000R\000e\000f\000e\000r\000e\000n\000c\000e}{chapter.6}% 184
\BOOKMARK [1][-]{section.6.21}{\376\377\0006\000.\0002\0001\000\040\000F\000:\000/\000d\000e\000v\000/\000s\000v\000n\000/\000i\0002\000c\000m\000/\000p\000r\000j\000/\000A\000V\000/\000A\000V\000A\000V\000/\000a\000v\000a\000v\000/\000A\000V\000A\000V\000L\000i\000b\000/\000S\000t\000a\000t\000u\000s\000T\000y\000p\000e\000.\000c\000s\000\040\000F\000i\000l\000e\000\040\000R\000e\000f\000e\000r\000e\000n\000c\000e}{chapter.6}% 185
\BOOKMARK [0][-]{section*.59}{\376\377\000I\000n\000d\000e\000x}{}% 186
